F:\REPO\SCHOOL\PROGRAMMERS\WENG.CHAN\2013-03-11 - GD2P02 - PHYSICS PROJECT - KIT CHAN\SOURCE - KIT CHAN\BIN\WIN32\SAMPLES.EXE
F:\REPO\SCHOOL\PROGRAMMERS\WENG.CHAN\2013-03-11 - GD2P02 - PHYSICS PROJECT - KIT CHAN\SOURCE - KIT CHAN\BIN\WIN32\SAMPLES.EXE.MAP
F:\repo\school\programmers\weng.chan\2013-03-11 - GD2P02 - Physics Project - Kit Chan\Source - Kit Chan\bin\win32\Samples.exp
F:\repo\school\programmers\weng.chan\2013-03-11 - GD2P02 - Physics Project - Kit Chan\Source - Kit Chan\bin\win32\Samples.lib
F:\repo\school\programmers\weng.chan\2013-03-11 - GD2P02 - Physics Project - Kit Chan\Source - Kit Chan\Game\compiler\vc10win32public\./../../../bin/win32\Samples.exe
F:\repo\school\programmers\weng.chan\2013-03-11 - GD2P02 - Physics Project - Kit Chan\Source - Kit Chan\Game\compiler\vc10win32public\Win32\Samples\release\CL.4256.read.1.tlog
F:\repo\school\programmers\weng.chan\2013-03-11 - GD2P02 - Physics Project - Kit Chan\Source - Kit Chan\Game\compiler\vc10win32public\Win32\Samples\release\CL.4256.write.1.tlog
F:\repo\school\programmers\weng.chan\2013-03-11 - GD2P02 - Physics Project - Kit Chan\Source - Kit Chan\Game\compiler\vc10win32public\Win32\Samples\release\CL.5796.read.1.tlog
F:\repo\school\programmers\weng.chan\2013-03-11 - GD2P02 - Physics Project - Kit Chan\Source - Kit Chan\Game\compiler\vc10win32public\Win32\Samples\release\CL.5796.write.1.tlog
F:\repo\school\programmers\weng.chan\2013-03-11 - GD2P02 - Physics Project - Kit Chan\Source - Kit Chan\Game\compiler\vc10win32public\Win32\Samples\release\cl.command.1.tlog
F:\repo\school\programmers\weng.chan\2013-03-11 - GD2P02 - Physics Project - Kit Chan\Source - Kit Chan\Game\compiler\vc10win32public\Win32\Samples\release\CL.read.1.tlog
F:\repo\school\programmers\weng.chan\2013-03-11 - GD2P02 - Physics Project - Kit Chan\Source - Kit Chan\Game\compiler\vc10win32public\Win32\Samples\release\cl.write.1.tlog
F:\repo\school\programmers\weng.chan\2013-03-11 - GD2P02 - Physics Project - Kit Chan\Source - Kit Chan\Game\compiler\vc10win32public\Win32\Samples\release\Crab.obj
F:\repo\school\programmers\weng.chan\2013-03-11 - GD2P02 - Physics Project - Kit Chan\Source - Kit Chan\Game\compiler\vc10win32public\Win32\Samples\release\KinematicPlatform.obj
F:\repo\school\programmers\weng.chan\2013-03-11 - GD2P02 - Physics Project - Kit Chan\Source - Kit Chan\Game\compiler\vc10win32public\Win32\Samples\release\link.command.1.tlog
F:\repo\school\programmers\weng.chan\2013-03-11 - GD2P02 - Physics Project - Kit Chan\Source - Kit Chan\Game\compiler\vc10win32public\Win32\Samples\release\link.read.1.tlog
F:\repo\school\programmers\weng.chan\2013-03-11 - GD2P02 - Physics Project - Kit Chan\Source - Kit Chan\Game\compiler\vc10win32public\Win32\Samples\release\link.write.1.tlog
F:\repo\school\programmers\weng.chan\2013-03-11 - GD2P02 - Physics Project - Kit Chan\Source - Kit Chan\Game\compiler\vc10win32public\Win32\Samples\release\Planet.obj
F:\repo\school\programmers\weng.chan\2013-03-11 - GD2P02 - Physics Project - Kit Chan\Source - Kit Chan\Game\compiler\vc10win32public\Win32\Samples\release\SampleBridges.obj
F:\repo\school\programmers\weng.chan\2013-03-11 - GD2P02 - Physics Project - Kit Chan\Source - Kit Chan\Game\compiler\vc10win32public\Win32\Samples\release\SampleBridgesCCT.obj
F:\repo\school\programmers\weng.chan\2013-03-11 - GD2P02 - Physics Project - Kit Chan\Source - Kit Chan\Game\compiler\vc10win32public\Win32\Samples\release\SampleCCTActor.obj
F:\repo\school\programmers\weng.chan\2013-03-11 - GD2P02 - Physics Project - Kit Chan\Source - Kit Chan\Game\compiler\vc10win32public\Win32\Samples\release\SampleCCTCameraController.obj
F:\repo\school\programmers\weng.chan\2013-03-11 - GD2P02 - Physics Project - Kit Chan\Source - Kit Chan\Game\compiler\vc10win32public\Win32\Samples\release\SampleCCTJump.obj
F:\repo\school\programmers\weng.chan\2013-03-11 - GD2P02 - Physics Project - Kit Chan\Source - Kit Chan\Game\compiler\vc10win32public\Win32\Samples\release\SampleCharacterCloth_CCT.obj
F:\repo\school\programmers\weng.chan\2013-03-11 - GD2P02 - Physics Project - Kit Chan\Source - Kit Chan\Game\compiler\vc10win32public\Win32\Samples\release\SampleCharacterCloth_ClothController.obj
F:\repo\school\programmers\weng.chan\2013-03-11 - GD2P02 - Physics Project - Kit Chan\Source - Kit Chan\Game\compiler\vc10win32public\Win32\Samples\release\SampleCharacterCloth_Main.obj
F:\repo\school\programmers\weng.chan\2013-03-11 - GD2P02 - Physics Project - Kit Chan\Source - Kit Chan\Game\compiler\vc10win32public\Win32\Samples\release\SampleCharacterCloth_TerrainBuilder.obj
F:\repo\school\programmers\weng.chan\2013-03-11 - GD2P02 - Physics Project - Kit Chan\Source - Kit Chan\Game\compiler\vc10win32public\Win32\Samples\release\SampleCharacterClothCameraController.obj
F:\repo\school\programmers\weng.chan\2013-03-11 - GD2P02 - Physics Project - Kit Chan\Source - Kit Chan\Game\compiler\vc10win32public\Win32\Samples\release\SampleCharacterClothFlag.obj
F:\repo\school\programmers\weng.chan\2013-03-11 - GD2P02 - Physics Project - Kit Chan\Source - Kit Chan\Game\compiler\vc10win32public\Win32\Samples\release\SampleCharacterClothJump.obj
F:\repo\school\programmers\weng.chan\2013-03-11 - GD2P02 - Physics Project - Kit Chan\Source - Kit Chan\Game\compiler\vc10win32public\Win32\Samples\release\SampleCustomGravity.obj
F:\repo\school\programmers\weng.chan\2013-03-11 - GD2P02 - Physics Project - Kit Chan\Source - Kit Chan\Game\compiler\vc10win32public\Win32\Samples\release\SampleCustomGravity_CCT.obj
F:\repo\school\programmers\weng.chan\2013-03-11 - GD2P02 - Physics Project - Kit Chan\Source - Kit Chan\Game\compiler\vc10win32public\Win32\Samples\release\SampleCustomGravityBuilder.obj
F:\repo\school\programmers\weng.chan\2013-03-11 - GD2P02 - Physics Project - Kit Chan\Source - Kit Chan\Game\compiler\vc10win32public\Win32\Samples\release\SampleCustomGravityCameraController.obj
F:\repo\school\programmers\weng.chan\2013-03-11 - GD2P02 - Physics Project - Kit Chan\Source - Kit Chan\Game\compiler\vc10win32public\Win32\Samples\release\SampleCustomGravityFilterShader.obj
F:\repo\school\programmers\weng.chan\2013-03-11 - GD2P02 - Physics Project - Kit Chan\Source - Kit Chan\Game\compiler\vc10win32public\Win32\Samples\release\SampleHelloWorld.obj
F:\repo\school\programmers\weng.chan\2013-03-11 - GD2P02 - Physics Project - Kit Chan\Source - Kit Chan\Game\compiler\vc10win32public\Win32\Samples\release\SampleNorthPole.obj
F:\repo\school\programmers\weng.chan\2013-03-11 - GD2P02 - Physics Project - Kit Chan\Source - Kit Chan\Game\compiler\vc10win32public\Win32\Samples\release\SampleNorthPoleBuilder.obj
F:\repo\school\programmers\weng.chan\2013-03-11 - GD2P02 - Physics Project - Kit Chan\Source - Kit Chan\Game\compiler\vc10win32public\Win32\Samples\release\SampleNorthPoleCameraController.obj
F:\repo\school\programmers\weng.chan\2013-03-11 - GD2P02 - Physics Project - Kit Chan\Source - Kit Chan\Game\compiler\vc10win32public\Win32\Samples\release\SampleNorthPoleCCT.obj
F:\repo\school\programmers\weng.chan\2013-03-11 - GD2P02 - Physics Project - Kit Chan\Source - Kit Chan\Game\compiler\vc10win32public\Win32\Samples\release\SampleNorthPoleDynamics.obj
F:\repo\school\programmers\weng.chan\2013-03-11 - GD2P02 - Physics Project - Kit Chan\Source - Kit Chan\Game\compiler\vc10win32public\Win32\Samples\release\SampleNorthPoleFilterShader.obj
F:\repo\school\programmers\weng.chan\2013-03-11 - GD2P02 - Physics Project - Kit Chan\Source - Kit Chan\Game\compiler\vc10win32public\Win32\Samples\release\SampleParticles.obj
F:\repo\school\programmers\weng.chan\2013-03-11 - GD2P02 - Physics Project - Kit Chan\Source - Kit Chan\Game\compiler\vc10win32public\Win32\Samples\release\Samples.write.1.tlog
F:\repo\school\programmers\weng.chan\2013-03-11 - GD2P02 - Physics Project - Kit Chan\Source - Kit Chan\Game\compiler\vc10win32public\Win32\Samples\release\SampleSubmarine.obj
F:\repo\school\programmers\weng.chan\2013-03-11 - GD2P02 - Physics Project - Kit Chan\Source - Kit Chan\Game\compiler\vc10win32public\Win32\Samples\release\SampleVehicle.obj
F:\repo\school\programmers\weng.chan\2013-03-11 - GD2P02 - Physics Project - Kit Chan\Source - Kit Chan\Game\compiler\vc10win32public\Win32\Samples\release\SampleVehicle_CameraController.obj
F:\repo\school\programmers\weng.chan\2013-03-11 - GD2P02 - Physics Project - Kit Chan\Source - Kit Chan\Game\compiler\vc10win32public\Win32\Samples\release\SampleVehicle_ControlInputs.obj
F:\repo\school\programmers\weng.chan\2013-03-11 - GD2P02 - Physics Project - Kit Chan\Source - Kit Chan\Game\compiler\vc10win32public\Win32\Samples\release\SampleVehicle_GameLogic.obj
F:\repo\school\programmers\weng.chan\2013-03-11 - GD2P02 - Physics Project - Kit Chan\Source - Kit Chan\Game\compiler\vc10win32public\Win32\Samples\release\SampleVehicle_SceneQuery.obj
F:\repo\school\programmers\weng.chan\2013-03-11 - GD2P02 - Physics Project - Kit Chan\Source - Kit Chan\Game\compiler\vc10win32public\Win32\Samples\release\SampleVehicle_VehicleController.obj
F:\repo\school\programmers\weng.chan\2013-03-11 - GD2P02 - Physics Project - Kit Chan\Source - Kit Chan\Game\compiler\vc10win32public\Win32\Samples\release\SampleVehicle_VehicleCooking.obj
F:\repo\school\programmers\weng.chan\2013-03-11 - GD2P02 - Physics Project - Kit Chan\Source - Kit Chan\Game\compiler\vc10win32public\Win32\Samples\release\SampleVehicle_VehicleManager.obj
F:\repo\school\programmers\weng.chan\2013-03-11 - GD2P02 - Physics Project - Kit Chan\Source - Kit Chan\Game\compiler\vc10win32public\Win32\Samples\release\SampleVehicleDebugRender.obj
F:\repo\school\programmers\weng.chan\2013-03-11 - GD2P02 - Physics Project - Kit Chan\Source - Kit Chan\Game\compiler\vc10win32public\Win32\Samples\release\SampleVehicleTerrain.obj
F:\REPO\SCHOOL\PROGRAMMERS\WENG.CHAN\2013-03-11 - GD2P02 - PHYSICS PROJECT - KIT CHAN\SOURCE - KIT CHAN\GAME\COMPILER\VC10WIN32PUBLIC\WIN32\SAMPLES\RELEASE\VC100.PDB
