F:\repo\school\programmers\weng.chan\2013-03-11 - GD2P02 - Physics Project - Kit Chan\Source - Kit Chan\Game\compiler\vc10win32public\./../../lib/win32\SampleBaseDEBUG.lib
F:\repo\school\programmers\weng.chan\2013-03-11 - GD2P02 - Physics Project - Kit Chan\Source - Kit Chan\Game\compiler\vc10win32public\Win32\SampleBase\debug\AcclaimLoader.obj
F:\repo\school\programmers\weng.chan\2013-03-11 - GD2P02 - Physics Project - Kit Chan\Source - Kit Chan\Game\compiler\vc10win32public\Win32\SampleBase\debug\CL.4620.read.1.tlog
F:\repo\school\programmers\weng.chan\2013-03-11 - GD2P02 - Physics Project - Kit Chan\Source - Kit Chan\Game\compiler\vc10win32public\Win32\SampleBase\debug\CL.4620.write.1.tlog
F:\repo\school\programmers\weng.chan\2013-03-11 - GD2P02 - Physics Project - Kit Chan\Source - Kit Chan\Game\compiler\vc10win32public\Win32\SampleBase\debug\CL.6000.read.1.tlog
F:\repo\school\programmers\weng.chan\2013-03-11 - GD2P02 - Physics Project - Kit Chan\Source - Kit Chan\Game\compiler\vc10win32public\Win32\SampleBase\debug\CL.6000.write.1.tlog
F:\repo\school\programmers\weng.chan\2013-03-11 - GD2P02 - Physics Project - Kit Chan\Source - Kit Chan\Game\compiler\vc10win32public\Win32\SampleBase\debug\cl.command.1.tlog
F:\repo\school\programmers\weng.chan\2013-03-11 - GD2P02 - Physics Project - Kit Chan\Source - Kit Chan\Game\compiler\vc10win32public\Win32\SampleBase\debug\CL.read.1.tlog
F:\repo\school\programmers\weng.chan\2013-03-11 - GD2P02 - Physics Project - Kit Chan\Source - Kit Chan\Game\compiler\vc10win32public\Win32\SampleBase\debug\cl.write.1.tlog
F:\repo\school\programmers\weng.chan\2013-03-11 - GD2P02 - Physics Project - Kit Chan\Source - Kit Chan\Game\compiler\vc10win32public\Win32\SampleBase\debug\lib.command.1.tlog
F:\repo\school\programmers\weng.chan\2013-03-11 - GD2P02 - Physics Project - Kit Chan\Source - Kit Chan\Game\compiler\vc10win32public\Win32\SampleBase\debug\Lib-link.read.1.tlog
F:\repo\school\programmers\weng.chan\2013-03-11 - GD2P02 - Physics Project - Kit Chan\Source - Kit Chan\Game\compiler\vc10win32public\Win32\SampleBase\debug\Lib-link.write.1.tlog
F:\repo\school\programmers\weng.chan\2013-03-11 - GD2P02 - Physics Project - Kit Chan\Source - Kit Chan\Game\compiler\vc10win32public\Win32\SampleBase\debug\ParticleEmitter.obj
F:\repo\school\programmers\weng.chan\2013-03-11 - GD2P02 - Physics Project - Kit Chan\Source - Kit Chan\Game\compiler\vc10win32public\Win32\SampleBase\debug\ParticleEmitterPressure.obj
F:\repo\school\programmers\weng.chan\2013-03-11 - GD2P02 - Physics Project - Kit Chan\Source - Kit Chan\Game\compiler\vc10win32public\Win32\SampleBase\debug\ParticleEmitterRate.obj
F:\repo\school\programmers\weng.chan\2013-03-11 - GD2P02 - Physics Project - Kit Chan\Source - Kit Chan\Game\compiler\vc10win32public\Win32\SampleBase\debug\ParticleFactory.obj
F:\repo\school\programmers\weng.chan\2013-03-11 - GD2P02 - Physics Project - Kit Chan\Source - Kit Chan\Game\compiler\vc10win32public\Win32\SampleBase\debug\ParticleSystem.obj
F:\repo\school\programmers\weng.chan\2013-03-11 - GD2P02 - Physics Project - Kit Chan\Source - Kit Chan\Game\compiler\vc10win32public\Win32\SampleBase\debug\PhysXSample.obj
F:\repo\school\programmers\weng.chan\2013-03-11 - GD2P02 - Physics Project - Kit Chan\Source - Kit Chan\Game\compiler\vc10win32public\Win32\SampleBase\debug\PhysXSampleApplication.obj
F:\repo\school\programmers\weng.chan\2013-03-11 - GD2P02 - Physics Project - Kit Chan\Source - Kit Chan\Game\compiler\vc10win32public\Win32\SampleBase\debug\Picking.obj
F:\repo\school\programmers\weng.chan\2013-03-11 - GD2P02 - Physics Project - Kit Chan\Source - Kit Chan\Game\compiler\vc10win32public\Win32\SampleBase\debug\RawLoader.obj
F:\repo\school\programmers\weng.chan\2013-03-11 - GD2P02 - Physics Project - Kit Chan\Source - Kit Chan\Game\compiler\vc10win32public\Win32\SampleBase\debug\RaycastCCD.obj
F:\repo\school\programmers\weng.chan\2013-03-11 - GD2P02 - Physics Project - Kit Chan\Source - Kit Chan\Game\compiler\vc10win32public\Win32\SampleBase\debug\RenderBaseActor.obj
F:\repo\school\programmers\weng.chan\2013-03-11 - GD2P02 - Physics Project - Kit Chan\Source - Kit Chan\Game\compiler\vc10win32public\Win32\SampleBase\debug\RenderBaseObject.obj
F:\repo\school\programmers\weng.chan\2013-03-11 - GD2P02 - Physics Project - Kit Chan\Source - Kit Chan\Game\compiler\vc10win32public\Win32\SampleBase\debug\RenderBoxActor.obj
F:\repo\school\programmers\weng.chan\2013-03-11 - GD2P02 - Physics Project - Kit Chan\Source - Kit Chan\Game\compiler\vc10win32public\Win32\SampleBase\debug\RenderCapsuleActor.obj
F:\repo\school\programmers\weng.chan\2013-03-11 - GD2P02 - Physics Project - Kit Chan\Source - Kit Chan\Game\compiler\vc10win32public\Win32\SampleBase\debug\RenderClothActor.obj
F:\repo\school\programmers\weng.chan\2013-03-11 - GD2P02 - Physics Project - Kit Chan\Source - Kit Chan\Game\compiler\vc10win32public\Win32\SampleBase\debug\RenderGridActor.obj
F:\repo\school\programmers\weng.chan\2013-03-11 - GD2P02 - Physics Project - Kit Chan\Source - Kit Chan\Game\compiler\vc10win32public\Win32\SampleBase\debug\RenderMaterial.obj
F:\repo\school\programmers\weng.chan\2013-03-11 - GD2P02 - Physics Project - Kit Chan\Source - Kit Chan\Game\compiler\vc10win32public\Win32\SampleBase\debug\RenderMeshActor.obj
F:\repo\school\programmers\weng.chan\2013-03-11 - GD2P02 - Physics Project - Kit Chan\Source - Kit Chan\Game\compiler\vc10win32public\Win32\SampleBase\debug\RenderParticleSystemActor.obj
F:\repo\school\programmers\weng.chan\2013-03-11 - GD2P02 - Physics Project - Kit Chan\Source - Kit Chan\Game\compiler\vc10win32public\Win32\SampleBase\debug\RenderPhysX3Debug.obj
F:\repo\school\programmers\weng.chan\2013-03-11 - GD2P02 - Physics Project - Kit Chan\Source - Kit Chan\Game\compiler\vc10win32public\Win32\SampleBase\debug\RenderSphereActor.obj
F:\repo\school\programmers\weng.chan\2013-03-11 - GD2P02 - Physics Project - Kit Chan\Source - Kit Chan\Game\compiler\vc10win32public\Win32\SampleBase\debug\RenderTexture.obj
F:\repo\school\programmers\weng.chan\2013-03-11 - GD2P02 - Physics Project - Kit Chan\Source - Kit Chan\Game\compiler\vc10win32public\Win32\SampleBase\debug\SampleAllocator.obj
F:\repo\school\programmers\weng.chan\2013-03-11 - GD2P02 - Physics Project - Kit Chan\Source - Kit Chan\Game\compiler\vc10win32public\Win32\SampleBase\debug\SampleBase.write.1.tlog
F:\repo\school\programmers\weng.chan\2013-03-11 - GD2P02 - Physics Project - Kit Chan\Source - Kit Chan\Game\compiler\vc10win32public\Win32\SampleBase\debug\SampleCamera.obj
F:\repo\school\programmers\weng.chan\2013-03-11 - GD2P02 - Physics Project - Kit Chan\Source - Kit Chan\Game\compiler\vc10win32public\Win32\SampleBase\debug\SampleCameraController.obj
F:\repo\school\programmers\weng.chan\2013-03-11 - GD2P02 - Physics Project - Kit Chan\Source - Kit Chan\Game\compiler\vc10win32public\Win32\SampleBase\debug\SampleCharacterHelpers.obj
F:\repo\school\programmers\weng.chan\2013-03-11 - GD2P02 - Physics Project - Kit Chan\Source - Kit Chan\Game\compiler\vc10win32public\Win32\SampleBase\debug\SampleConsole.obj
F:\repo\school\programmers\weng.chan\2013-03-11 - GD2P02 - Physics Project - Kit Chan\Source - Kit Chan\Game\compiler\vc10win32public\Win32\SampleBase\debug\SampleInputMappingAsset.obj
F:\repo\school\programmers\weng.chan\2013-03-11 - GD2P02 - Physics Project - Kit Chan\Source - Kit Chan\Game\compiler\vc10win32public\Win32\SampleBase\debug\SampleMain.obj
F:\repo\school\programmers\weng.chan\2013-03-11 - GD2P02 - Physics Project - Kit Chan\Source - Kit Chan\Game\compiler\vc10win32public\Win32\SampleBase\debug\SampleMouseFilter.obj
F:\repo\school\programmers\weng.chan\2013-03-11 - GD2P02 - Physics Project - Kit Chan\Source - Kit Chan\Game\compiler\vc10win32public\Win32\SampleBase\debug\SampleRandomPrecomputed.obj
F:\repo\school\programmers\weng.chan\2013-03-11 - GD2P02 - Physics Project - Kit Chan\Source - Kit Chan\Game\compiler\vc10win32public\Win32\SampleBase\debug\SampleStepper.obj
F:\repo\school\programmers\weng.chan\2013-03-11 - GD2P02 - Physics Project - Kit Chan\Source - Kit Chan\Game\compiler\vc10win32public\Win32\SampleBase\debug\TestClothHelpers.obj
F:\repo\school\programmers\weng.chan\2013-03-11 - GD2P02 - Physics Project - Kit Chan\Source - Kit Chan\Game\compiler\vc10win32public\Win32\SampleBase\debug\TestGeometryHelpers.obj
F:\repo\school\programmers\weng.chan\2013-03-11 - GD2P02 - Physics Project - Kit Chan\Source - Kit Chan\Game\compiler\vc10win32public\Win32\SampleBase\debug\TestGroup.obj
F:\repo\school\programmers\weng.chan\2013-03-11 - GD2P02 - Physics Project - Kit Chan\Source - Kit Chan\Game\compiler\vc10win32public\Win32\SampleBase\debug\TestMotionGenerator.obj
F:\REPO\SCHOOL\PROGRAMMERS\WENG.CHAN\2013-03-11 - GD2P02 - PHYSICS PROJECT - KIT CHAN\SOURCE - KIT CHAN\GAME\COMPILER\VC10WIN32PUBLIC\WIN32\SAMPLEBASE\DEBUG\VC100.PDB
F:\repo\school\programmers\weng.chan\2013-03-11 - GD2P02 - Physics Project - Kit Chan\Source - Kit Chan\Game\compiler\vc10win32public\Win32\SampleBase\debug\wavefront.obj
F:\REPO\SCHOOL\PROGRAMMERS\WENG.CHAN\2013-03-11 - GD2P02 - PHYSICS PROJECT - KIT CHAN\SOURCE - KIT CHAN\GAME\LIB\WIN32\SAMPLEBASEDEBUG.LIB
