F:\repo\school\programmers\weng.chan\2013-03-11 - GD2P02 - Physics Project - Kit Chan\Source - Kit Chan\Game\SampleFramework\renderer\compiler\vc10win32public\./../../lib/win32\SampleRenderer-MT.lib
F:\repo\school\programmers\weng.chan\2013-03-11 - GD2P02 - Physics Project - Kit Chan\Source - Kit Chan\Game\SampleFramework\renderer\compiler\vc10win32public\Win32\SampleRenderer-MT\release\CL.3212.read.1.tlog
F:\repo\school\programmers\weng.chan\2013-03-11 - GD2P02 - Physics Project - Kit Chan\Source - Kit Chan\Game\SampleFramework\renderer\compiler\vc10win32public\Win32\SampleRenderer-MT\release\CL.3212.write.1.tlog
F:\repo\school\programmers\weng.chan\2013-03-11 - GD2P02 - Physics Project - Kit Chan\Source - Kit Chan\Game\SampleFramework\renderer\compiler\vc10win32public\Win32\SampleRenderer-MT\release\CL.360.read.1.tlog
F:\repo\school\programmers\weng.chan\2013-03-11 - GD2P02 - Physics Project - Kit Chan\Source - Kit Chan\Game\SampleFramework\renderer\compiler\vc10win32public\Win32\SampleRenderer-MT\release\CL.360.write.1.tlog
F:\repo\school\programmers\weng.chan\2013-03-11 - GD2P02 - Physics Project - Kit Chan\Source - Kit Chan\Game\SampleFramework\renderer\compiler\vc10win32public\Win32\SampleRenderer-MT\release\cl.command.1.tlog
F:\repo\school\programmers\weng.chan\2013-03-11 - GD2P02 - Physics Project - Kit Chan\Source - Kit Chan\Game\SampleFramework\renderer\compiler\vc10win32public\Win32\SampleRenderer-MT\release\CL.read.1.tlog
F:\repo\school\programmers\weng.chan\2013-03-11 - GD2P02 - Physics Project - Kit Chan\Source - Kit Chan\Game\SampleFramework\renderer\compiler\vc10win32public\Win32\SampleRenderer-MT\release\cl.write.1.tlog
F:\repo\school\programmers\weng.chan\2013-03-11 - GD2P02 - Physics Project - Kit Chan\Source - Kit Chan\Game\SampleFramework\renderer\compiler\vc10win32public\Win32\SampleRenderer-MT\release\D3D9Renderer.obj
F:\repo\school\programmers\weng.chan\2013-03-11 - GD2P02 - Physics Project - Kit Chan\Source - Kit Chan\Game\SampleFramework\renderer\compiler\vc10win32public\Win32\SampleRenderer-MT\release\D3D9RendererDirectionalLight.obj
F:\repo\school\programmers\weng.chan\2013-03-11 - GD2P02 - Physics Project - Kit Chan\Source - Kit Chan\Game\SampleFramework\renderer\compiler\vc10win32public\Win32\SampleRenderer-MT\release\D3D9RendererIndexBuffer.obj
F:\repo\school\programmers\weng.chan\2013-03-11 - GD2P02 - Physics Project - Kit Chan\Source - Kit Chan\Game\SampleFramework\renderer\compiler\vc10win32public\Win32\SampleRenderer-MT\release\D3D9RendererInstanceBuffer.obj
F:\repo\school\programmers\weng.chan\2013-03-11 - GD2P02 - Physics Project - Kit Chan\Source - Kit Chan\Game\SampleFramework\renderer\compiler\vc10win32public\Win32\SampleRenderer-MT\release\D3D9RendererMaterial.obj
F:\repo\school\programmers\weng.chan\2013-03-11 - GD2P02 - Physics Project - Kit Chan\Source - Kit Chan\Game\SampleFramework\renderer\compiler\vc10win32public\Win32\SampleRenderer-MT\release\D3D9RendererMesh.obj
F:\repo\school\programmers\weng.chan\2013-03-11 - GD2P02 - Physics Project - Kit Chan\Source - Kit Chan\Game\SampleFramework\renderer\compiler\vc10win32public\Win32\SampleRenderer-MT\release\D3D9RendererSpotLight.obj
F:\repo\school\programmers\weng.chan\2013-03-11 - GD2P02 - Physics Project - Kit Chan\Source - Kit Chan\Game\SampleFramework\renderer\compiler\vc10win32public\Win32\SampleRenderer-MT\release\D3D9RendererTarget.obj
F:\repo\school\programmers\weng.chan\2013-03-11 - GD2P02 - Physics Project - Kit Chan\Source - Kit Chan\Game\SampleFramework\renderer\compiler\vc10win32public\Win32\SampleRenderer-MT\release\D3D9RendererTexture2D.obj
F:\repo\school\programmers\weng.chan\2013-03-11 - GD2P02 - Physics Project - Kit Chan\Source - Kit Chan\Game\SampleFramework\renderer\compiler\vc10win32public\Win32\SampleRenderer-MT\release\D3D9RendererVertexBuffer.obj
F:\repo\school\programmers\weng.chan\2013-03-11 - GD2P02 - Physics Project - Kit Chan\Source - Kit Chan\Game\SampleFramework\renderer\compiler\vc10win32public\Win32\SampleRenderer-MT\release\lib.command.1.tlog
F:\repo\school\programmers\weng.chan\2013-03-11 - GD2P02 - Physics Project - Kit Chan\Source - Kit Chan\Game\SampleFramework\renderer\compiler\vc10win32public\Win32\SampleRenderer-MT\release\Lib-link.read.1.tlog
F:\repo\school\programmers\weng.chan\2013-03-11 - GD2P02 - Physics Project - Kit Chan\Source - Kit Chan\Game\SampleFramework\renderer\compiler\vc10win32public\Win32\SampleRenderer-MT\release\Lib-link.write.1.tlog
F:\repo\school\programmers\weng.chan\2013-03-11 - GD2P02 - Physics Project - Kit Chan\Source - Kit Chan\Game\SampleFramework\renderer\compiler\vc10win32public\Win32\SampleRenderer-MT\release\Renderer.obj
F:\repo\school\programmers\weng.chan\2013-03-11 - GD2P02 - Physics Project - Kit Chan\Source - Kit Chan\Game\SampleFramework\renderer\compiler\vc10win32public\Win32\SampleRenderer-MT\release\RendererBoxShape.obj
F:\repo\school\programmers\weng.chan\2013-03-11 - GD2P02 - Physics Project - Kit Chan\Source - Kit Chan\Game\SampleFramework\renderer\compiler\vc10win32public\Win32\SampleRenderer-MT\release\RendererCapsuleShape.obj
F:\repo\school\programmers\weng.chan\2013-03-11 - GD2P02 - Physics Project - Kit Chan\Source - Kit Chan\Game\SampleFramework\renderer\compiler\vc10win32public\Win32\SampleRenderer-MT\release\RendererClothShape.obj
F:\repo\school\programmers\weng.chan\2013-03-11 - GD2P02 - Physics Project - Kit Chan\Source - Kit Chan\Game\SampleFramework\renderer\compiler\vc10win32public\Win32\SampleRenderer-MT\release\RendererColor.obj
F:\repo\school\programmers\weng.chan\2013-03-11 - GD2P02 - Physics Project - Kit Chan\Source - Kit Chan\Game\SampleFramework\renderer\compiler\vc10win32public\Win32\SampleRenderer-MT\release\RendererDesc.obj
F:\repo\school\programmers\weng.chan\2013-03-11 - GD2P02 - Physics Project - Kit Chan\Source - Kit Chan\Game\SampleFramework\renderer\compiler\vc10win32public\Win32\SampleRenderer-MT\release\RendererDirectionalLight.obj
F:\repo\school\programmers\weng.chan\2013-03-11 - GD2P02 - Physics Project - Kit Chan\Source - Kit Chan\Game\SampleFramework\renderer\compiler\vc10win32public\Win32\SampleRenderer-MT\release\RendererDirectionalLightDesc.obj
F:\repo\school\programmers\weng.chan\2013-03-11 - GD2P02 - Physics Project - Kit Chan\Source - Kit Chan\Game\SampleFramework\renderer\compiler\vc10win32public\Win32\SampleRenderer-MT\release\RendererGridShape.obj
F:\repo\school\programmers\weng.chan\2013-03-11 - GD2P02 - Physics Project - Kit Chan\Source - Kit Chan\Game\SampleFramework\renderer\compiler\vc10win32public\Win32\SampleRenderer-MT\release\RendererIndexBuffer.obj
F:\repo\school\programmers\weng.chan\2013-03-11 - GD2P02 - Physics Project - Kit Chan\Source - Kit Chan\Game\SampleFramework\renderer\compiler\vc10win32public\Win32\SampleRenderer-MT\release\RendererIndexBufferDesc.obj
F:\repo\school\programmers\weng.chan\2013-03-11 - GD2P02 - Physics Project - Kit Chan\Source - Kit Chan\Game\SampleFramework\renderer\compiler\vc10win32public\Win32\SampleRenderer-MT\release\RendererInstanceBuffer.obj
F:\repo\school\programmers\weng.chan\2013-03-11 - GD2P02 - Physics Project - Kit Chan\Source - Kit Chan\Game\SampleFramework\renderer\compiler\vc10win32public\Win32\SampleRenderer-MT\release\RendererInstanceBufferDesc.obj
F:\repo\school\programmers\weng.chan\2013-03-11 - GD2P02 - Physics Project - Kit Chan\Source - Kit Chan\Game\SampleFramework\renderer\compiler\vc10win32public\Win32\SampleRenderer-MT\release\RendererLight.obj
F:\repo\school\programmers\weng.chan\2013-03-11 - GD2P02 - Physics Project - Kit Chan\Source - Kit Chan\Game\SampleFramework\renderer\compiler\vc10win32public\Win32\SampleRenderer-MT\release\RendererLightDesc.obj
F:\repo\school\programmers\weng.chan\2013-03-11 - GD2P02 - Physics Project - Kit Chan\Source - Kit Chan\Game\SampleFramework\renderer\compiler\vc10win32public\Win32\SampleRenderer-MT\release\RendererMaterial.obj
F:\repo\school\programmers\weng.chan\2013-03-11 - GD2P02 - Physics Project - Kit Chan\Source - Kit Chan\Game\SampleFramework\renderer\compiler\vc10win32public\Win32\SampleRenderer-MT\release\RendererMaterialDesc.obj
F:\repo\school\programmers\weng.chan\2013-03-11 - GD2P02 - Physics Project - Kit Chan\Source - Kit Chan\Game\SampleFramework\renderer\compiler\vc10win32public\Win32\SampleRenderer-MT\release\RendererMaterialInstance.obj
F:\repo\school\programmers\weng.chan\2013-03-11 - GD2P02 - Physics Project - Kit Chan\Source - Kit Chan\Game\SampleFramework\renderer\compiler\vc10win32public\Win32\SampleRenderer-MT\release\RendererMesh.obj
F:\repo\school\programmers\weng.chan\2013-03-11 - GD2P02 - Physics Project - Kit Chan\Source - Kit Chan\Game\SampleFramework\renderer\compiler\vc10win32public\Win32\SampleRenderer-MT\release\RendererMeshContext.obj
F:\repo\school\programmers\weng.chan\2013-03-11 - GD2P02 - Physics Project - Kit Chan\Source - Kit Chan\Game\SampleFramework\renderer\compiler\vc10win32public\Win32\SampleRenderer-MT\release\RendererMeshDesc.obj
F:\repo\school\programmers\weng.chan\2013-03-11 - GD2P02 - Physics Project - Kit Chan\Source - Kit Chan\Game\SampleFramework\renderer\compiler\vc10win32public\Win32\SampleRenderer-MT\release\RendererMeshShape.obj
F:\repo\school\programmers\weng.chan\2013-03-11 - GD2P02 - Physics Project - Kit Chan\Source - Kit Chan\Game\SampleFramework\renderer\compiler\vc10win32public\Win32\SampleRenderer-MT\release\RendererParticleSystemShape.obj
F:\repo\school\programmers\weng.chan\2013-03-11 - GD2P02 - Physics Project - Kit Chan\Source - Kit Chan\Game\SampleFramework\renderer\compiler\vc10win32public\Win32\SampleRenderer-MT\release\RendererProjection.obj
F:\repo\school\programmers\weng.chan\2013-03-11 - GD2P02 - Physics Project - Kit Chan\Source - Kit Chan\Game\SampleFramework\renderer\compiler\vc10win32public\Win32\SampleRenderer-MT\release\RendererShape.obj
F:\repo\school\programmers\weng.chan\2013-03-11 - GD2P02 - Physics Project - Kit Chan\Source - Kit Chan\Game\SampleFramework\renderer\compiler\vc10win32public\Win32\SampleRenderer-MT\release\RendererSpotLight.obj
F:\repo\school\programmers\weng.chan\2013-03-11 - GD2P02 - Physics Project - Kit Chan\Source - Kit Chan\Game\SampleFramework\renderer\compiler\vc10win32public\Win32\SampleRenderer-MT\release\RendererSpotLightDesc.obj
F:\repo\school\programmers\weng.chan\2013-03-11 - GD2P02 - Physics Project - Kit Chan\Source - Kit Chan\Game\SampleFramework\renderer\compiler\vc10win32public\Win32\SampleRenderer-MT\release\RendererTarget.obj
F:\repo\school\programmers\weng.chan\2013-03-11 - GD2P02 - Physics Project - Kit Chan\Source - Kit Chan\Game\SampleFramework\renderer\compiler\vc10win32public\Win32\SampleRenderer-MT\release\RendererTargetDesc.obj
F:\repo\school\programmers\weng.chan\2013-03-11 - GD2P02 - Physics Project - Kit Chan\Source - Kit Chan\Game\SampleFramework\renderer\compiler\vc10win32public\Win32\SampleRenderer-MT\release\RendererTerrainShape.obj
F:\repo\school\programmers\weng.chan\2013-03-11 - GD2P02 - Physics Project - Kit Chan\Source - Kit Chan\Game\SampleFramework\renderer\compiler\vc10win32public\Win32\SampleRenderer-MT\release\RendererTexture2D.obj
F:\repo\school\programmers\weng.chan\2013-03-11 - GD2P02 - Physics Project - Kit Chan\Source - Kit Chan\Game\SampleFramework\renderer\compiler\vc10win32public\Win32\SampleRenderer-MT\release\RendererTexture2DDesc.obj
F:\repo\school\programmers\weng.chan\2013-03-11 - GD2P02 - Physics Project - Kit Chan\Source - Kit Chan\Game\SampleFramework\renderer\compiler\vc10win32public\Win32\SampleRenderer-MT\release\RendererVertexBuffer.obj
F:\repo\school\programmers\weng.chan\2013-03-11 - GD2P02 - Physics Project - Kit Chan\Source - Kit Chan\Game\SampleFramework\renderer\compiler\vc10win32public\Win32\SampleRenderer-MT\release\RendererVertexBufferDesc.obj
F:\repo\school\programmers\weng.chan\2013-03-11 - GD2P02 - Physics Project - Kit Chan\Source - Kit Chan\Game\SampleFramework\renderer\compiler\vc10win32public\Win32\SampleRenderer-MT\release\RendererWindow.obj
F:\REPO\SCHOOL\PROGRAMMERS\WENG.CHAN\2013-03-11 - GD2P02 - PHYSICS PROJECT - KIT CHAN\SOURCE - KIT CHAN\GAME\SAMPLEFRAMEWORK\RENDERER\COMPILER\VC10WIN32PUBLIC\WIN32\SAMPLERENDERER-MT\RELEASE\VC100.PDB
F:\REPO\SCHOOL\PROGRAMMERS\WENG.CHAN\2013-03-11 - GD2P02 - PHYSICS PROJECT - KIT CHAN\SOURCE - KIT CHAN\GAME\SAMPLEFRAMEWORK\RENDERER\LIB\WIN32\SAMPLERENDERER-MT.LIB
