F:\repo\school\programmers\weng.chan\2013-03-11 - GD2P02 - Physics Project - Kit Chan\Source - Kit Chan\Game\SampleFramework\framework\compiler\vc10win32public\./../../lib/win32\SampleFramework-MTDEBUG.lib
F:\repo\school\programmers\weng.chan\2013-03-11 - GD2P02 - Physics Project - Kit Chan\Source - Kit Chan\Game\SampleFramework\framework\compiler\vc10win32public\Win32\SampleFramework-MT\debug\AgPerfMonEventSrcAPI.obj
F:\repo\school\programmers\weng.chan\2013-03-11 - GD2P02 - Physics Project - Kit Chan\Source - Kit Chan\Game\SampleFramework\framework\compiler\vc10win32public\Win32\SampleFramework-MT\debug\CL.1148.read.1.tlog
F:\repo\school\programmers\weng.chan\2013-03-11 - GD2P02 - Physics Project - Kit Chan\Source - Kit Chan\Game\SampleFramework\framework\compiler\vc10win32public\Win32\SampleFramework-MT\debug\CL.1148.write.1.tlog
F:\repo\school\programmers\weng.chan\2013-03-11 - GD2P02 - Physics Project - Kit Chan\Source - Kit Chan\Game\SampleFramework\framework\compiler\vc10win32public\Win32\SampleFramework-MT\debug\CL.4124.read.1.tlog
F:\repo\school\programmers\weng.chan\2013-03-11 - GD2P02 - Physics Project - Kit Chan\Source - Kit Chan\Game\SampleFramework\framework\compiler\vc10win32public\Win32\SampleFramework-MT\debug\CL.4124.write.1.tlog
F:\repo\school\programmers\weng.chan\2013-03-11 - GD2P02 - Physics Project - Kit Chan\Source - Kit Chan\Game\SampleFramework\framework\compiler\vc10win32public\Win32\SampleFramework-MT\debug\cl.command.1.tlog
F:\repo\school\programmers\weng.chan\2013-03-11 - GD2P02 - Physics Project - Kit Chan\Source - Kit Chan\Game\SampleFramework\framework\compiler\vc10win32public\Win32\SampleFramework-MT\debug\CL.read.1.tlog
F:\repo\school\programmers\weng.chan\2013-03-11 - GD2P02 - Physics Project - Kit Chan\Source - Kit Chan\Game\SampleFramework\framework\compiler\vc10win32public\Win32\SampleFramework-MT\debug\cl.write.1.tlog
F:\repo\school\programmers\weng.chan\2013-03-11 - GD2P02 - Physics Project - Kit Chan\Source - Kit Chan\Game\SampleFramework\framework\compiler\vc10win32public\Win32\SampleFramework-MT\debug\lib.command.1.tlog
F:\repo\school\programmers\weng.chan\2013-03-11 - GD2P02 - Physics Project - Kit Chan\Source - Kit Chan\Game\SampleFramework\framework\compiler\vc10win32public\Win32\SampleFramework-MT\debug\Lib-link.read.1.tlog
F:\repo\school\programmers\weng.chan\2013-03-11 - GD2P02 - Physics Project - Kit Chan\Source - Kit Chan\Game\SampleFramework\framework\compiler\vc10win32public\Win32\SampleFramework-MT\debug\Lib-link.write.1.tlog
F:\repo\school\programmers\weng.chan\2013-03-11 - GD2P02 - Physics Project - Kit Chan\Source - Kit Chan\Game\SampleFramework\framework\compiler\vc10win32public\Win32\SampleFramework-MT\debug\nv_dds.obj
F:\repo\school\programmers\weng.chan\2013-03-11 - GD2P02 - Physics Project - Kit Chan\Source - Kit Chan\Game\SampleFramework\framework\compiler\vc10win32public\Win32\SampleFramework-MT\debug\ODBlock.obj
F:\repo\school\programmers\weng.chan\2013-03-11 - GD2P02 - Physics Project - Kit Chan\Source - Kit Chan\Game\SampleFramework\framework\compiler\vc10win32public\Win32\SampleFramework-MT\debug\SampleApplication.obj
F:\repo\school\programmers\weng.chan\2013-03-11 - GD2P02 - Physics Project - Kit Chan\Source - Kit Chan\Game\SampleFramework\framework\compiler\vc10win32public\Win32\SampleFramework-MT\debug\SampleAsset.obj
F:\repo\school\programmers\weng.chan\2013-03-11 - GD2P02 - Physics Project - Kit Chan\Source - Kit Chan\Game\SampleFramework\framework\compiler\vc10win32public\Win32\SampleFramework-MT\debug\SampleAssetManager.obj
F:\repo\school\programmers\weng.chan\2013-03-11 - GD2P02 - Physics Project - Kit Chan\Source - Kit Chan\Game\SampleFramework\framework\compiler\vc10win32public\Win32\SampleFramework-MT\debug\SampleCommandLine.obj
F:\repo\school\programmers\weng.chan\2013-03-11 - GD2P02 - Physics Project - Kit Chan\Source - Kit Chan\Game\SampleFramework\framework\compiler\vc10win32public\Win32\SampleFramework-MT\debug\SampleDirManager.obj
F:\repo\school\programmers\weng.chan\2013-03-11 - GD2P02 - Physics Project - Kit Chan\Source - Kit Chan\Game\SampleFramework\framework\compiler\vc10win32public\Win32\SampleFramework-MT\debug\SampleInputAsset.obj
F:\repo\school\programmers\weng.chan\2013-03-11 - GD2P02 - Physics Project - Kit Chan\Source - Kit Chan\Game\SampleFramework\framework\compiler\vc10win32public\Win32\SampleFramework-MT\debug\SampleLineDebugRender.obj
F:\repo\school\programmers\weng.chan\2013-03-11 - GD2P02 - Physics Project - Kit Chan\Source - Kit Chan\Game\SampleFramework\framework\compiler\vc10win32public\Win32\SampleFramework-MT\debug\SampleMaterialAsset.obj
F:\repo\school\programmers\weng.chan\2013-03-11 - GD2P02 - Physics Project - Kit Chan\Source - Kit Chan\Game\SampleFramework\framework\compiler\vc10win32public\Win32\SampleFramework-MT\debug\SamplePointDebugRender.obj
F:\repo\school\programmers\weng.chan\2013-03-11 - GD2P02 - Physics Project - Kit Chan\Source - Kit Chan\Game\SampleFramework\framework\compiler\vc10win32public\Win32\SampleFramework-MT\debug\SamplePxProfileZone.obj
F:\repo\school\programmers\weng.chan\2013-03-11 - GD2P02 - Physics Project - Kit Chan\Source - Kit Chan\Game\SampleFramework\framework\compiler\vc10win32public\Win32\SampleFramework-MT\debug\SampleTextureAsset.obj
F:\repo\school\programmers\weng.chan\2013-03-11 - GD2P02 - Physics Project - Kit Chan\Source - Kit Chan\Game\SampleFramework\framework\compiler\vc10win32public\Win32\SampleFramework-MT\debug\SampleTree.obj
F:\repo\school\programmers\weng.chan\2013-03-11 - GD2P02 - Physics Project - Kit Chan\Source - Kit Chan\Game\SampleFramework\framework\compiler\vc10win32public\Win32\SampleFramework-MT\debug\SampleTriangleDebugRender.obj
F:\repo\school\programmers\weng.chan\2013-03-11 - GD2P02 - Physics Project - Kit Chan\Source - Kit Chan\Game\SampleFramework\framework\compiler\vc10win32public\Win32\SampleFramework-MT\debug\targa.obj
F:\REPO\SCHOOL\PROGRAMMERS\WENG.CHAN\2013-03-11 - GD2P02 - PHYSICS PROJECT - KIT CHAN\SOURCE - KIT CHAN\GAME\SAMPLEFRAMEWORK\FRAMEWORK\COMPILER\VC10WIN32PUBLIC\WIN32\SAMPLEFRAMEWORK-MT\DEBUG\VC100.PDB
F:\repo\school\programmers\weng.chan\2013-03-11 - GD2P02 - Physics Project - Kit Chan\Source - Kit Chan\Game\SampleFramework\framework\compiler\vc10win32public\Win32\SampleFramework-MT\debug\WindowsSampleAssetManager.obj
F:\REPO\SCHOOL\PROGRAMMERS\WENG.CHAN\2013-03-11 - GD2P02 - PHYSICS PROJECT - KIT CHAN\SOURCE - KIT CHAN\GAME\SAMPLEFRAMEWORK\FRAMEWORK\LIB\WIN32\SAMPLEFRAMEWORK-MTDEBUG.LIB
