F:\repo\school\programmers\weng.chan\2013-03-11 - GD2P02 - Physics Project - Kit Chan\Source - Kit Chan\Game\SampleFramework\renderer\compiler\vc10win32public\./../../lib/win32\SampleRenderer-MTDEBUG.lib
F:\repo\school\programmers\weng.chan\2013-03-11 - GD2P02 - Physics Project - Kit Chan\Source - Kit Chan\Game\SampleFramework\renderer\compiler\vc10win32public\Win32\SampleRenderer-MT\debug\CL.4120.read.1.tlog
F:\repo\school\programmers\weng.chan\2013-03-11 - GD2P02 - Physics Project - Kit Chan\Source - Kit Chan\Game\SampleFramework\renderer\compiler\vc10win32public\Win32\SampleRenderer-MT\debug\CL.4120.write.1.tlog
F:\repo\school\programmers\weng.chan\2013-03-11 - GD2P02 - Physics Project - Kit Chan\Source - Kit Chan\Game\SampleFramework\renderer\compiler\vc10win32public\Win32\SampleRenderer-MT\debug\CL.5896.read.1.tlog
F:\repo\school\programmers\weng.chan\2013-03-11 - GD2P02 - Physics Project - Kit Chan\Source - Kit Chan\Game\SampleFramework\renderer\compiler\vc10win32public\Win32\SampleRenderer-MT\debug\CL.5896.write.1.tlog
F:\repo\school\programmers\weng.chan\2013-03-11 - GD2P02 - Physics Project - Kit Chan\Source - Kit Chan\Game\SampleFramework\renderer\compiler\vc10win32public\Win32\SampleRenderer-MT\debug\cl.command.1.tlog
F:\repo\school\programmers\weng.chan\2013-03-11 - GD2P02 - Physics Project - Kit Chan\Source - Kit Chan\Game\SampleFramework\renderer\compiler\vc10win32public\Win32\SampleRenderer-MT\debug\CL.read.1.tlog
F:\repo\school\programmers\weng.chan\2013-03-11 - GD2P02 - Physics Project - Kit Chan\Source - Kit Chan\Game\SampleFramework\renderer\compiler\vc10win32public\Win32\SampleRenderer-MT\debug\cl.write.1.tlog
F:\repo\school\programmers\weng.chan\2013-03-11 - GD2P02 - Physics Project - Kit Chan\Source - Kit Chan\Game\SampleFramework\renderer\compiler\vc10win32public\Win32\SampleRenderer-MT\debug\D3D9Renderer.obj
F:\repo\school\programmers\weng.chan\2013-03-11 - GD2P02 - Physics Project - Kit Chan\Source - Kit Chan\Game\SampleFramework\renderer\compiler\vc10win32public\Win32\SampleRenderer-MT\debug\D3D9RendererDirectionalLight.obj
F:\repo\school\programmers\weng.chan\2013-03-11 - GD2P02 - Physics Project - Kit Chan\Source - Kit Chan\Game\SampleFramework\renderer\compiler\vc10win32public\Win32\SampleRenderer-MT\debug\D3D9RendererIndexBuffer.obj
F:\repo\school\programmers\weng.chan\2013-03-11 - GD2P02 - Physics Project - Kit Chan\Source - Kit Chan\Game\SampleFramework\renderer\compiler\vc10win32public\Win32\SampleRenderer-MT\debug\D3D9RendererInstanceBuffer.obj
F:\repo\school\programmers\weng.chan\2013-03-11 - GD2P02 - Physics Project - Kit Chan\Source - Kit Chan\Game\SampleFramework\renderer\compiler\vc10win32public\Win32\SampleRenderer-MT\debug\D3D9RendererMaterial.obj
F:\repo\school\programmers\weng.chan\2013-03-11 - GD2P02 - Physics Project - Kit Chan\Source - Kit Chan\Game\SampleFramework\renderer\compiler\vc10win32public\Win32\SampleRenderer-MT\debug\D3D9RendererMesh.obj
F:\repo\school\programmers\weng.chan\2013-03-11 - GD2P02 - Physics Project - Kit Chan\Source - Kit Chan\Game\SampleFramework\renderer\compiler\vc10win32public\Win32\SampleRenderer-MT\debug\D3D9RendererSpotLight.obj
F:\repo\school\programmers\weng.chan\2013-03-11 - GD2P02 - Physics Project - Kit Chan\Source - Kit Chan\Game\SampleFramework\renderer\compiler\vc10win32public\Win32\SampleRenderer-MT\debug\D3D9RendererTarget.obj
F:\repo\school\programmers\weng.chan\2013-03-11 - GD2P02 - Physics Project - Kit Chan\Source - Kit Chan\Game\SampleFramework\renderer\compiler\vc10win32public\Win32\SampleRenderer-MT\debug\D3D9RendererTexture2D.obj
F:\repo\school\programmers\weng.chan\2013-03-11 - GD2P02 - Physics Project - Kit Chan\Source - Kit Chan\Game\SampleFramework\renderer\compiler\vc10win32public\Win32\SampleRenderer-MT\debug\D3D9RendererVertexBuffer.obj
F:\repo\school\programmers\weng.chan\2013-03-11 - GD2P02 - Physics Project - Kit Chan\Source - Kit Chan\Game\SampleFramework\renderer\compiler\vc10win32public\Win32\SampleRenderer-MT\debug\lib.command.1.tlog
F:\repo\school\programmers\weng.chan\2013-03-11 - GD2P02 - Physics Project - Kit Chan\Source - Kit Chan\Game\SampleFramework\renderer\compiler\vc10win32public\Win32\SampleRenderer-MT\debug\Lib-link.read.1.tlog
F:\repo\school\programmers\weng.chan\2013-03-11 - GD2P02 - Physics Project - Kit Chan\Source - Kit Chan\Game\SampleFramework\renderer\compiler\vc10win32public\Win32\SampleRenderer-MT\debug\Lib-link.write.1.tlog
F:\repo\school\programmers\weng.chan\2013-03-11 - GD2P02 - Physics Project - Kit Chan\Source - Kit Chan\Game\SampleFramework\renderer\compiler\vc10win32public\Win32\SampleRenderer-MT\debug\Renderer.obj
F:\repo\school\programmers\weng.chan\2013-03-11 - GD2P02 - Physics Project - Kit Chan\Source - Kit Chan\Game\SampleFramework\renderer\compiler\vc10win32public\Win32\SampleRenderer-MT\debug\RendererBoxShape.obj
F:\repo\school\programmers\weng.chan\2013-03-11 - GD2P02 - Physics Project - Kit Chan\Source - Kit Chan\Game\SampleFramework\renderer\compiler\vc10win32public\Win32\SampleRenderer-MT\debug\RendererCapsuleShape.obj
F:\repo\school\programmers\weng.chan\2013-03-11 - GD2P02 - Physics Project - Kit Chan\Source - Kit Chan\Game\SampleFramework\renderer\compiler\vc10win32public\Win32\SampleRenderer-MT\debug\RendererClothShape.obj
F:\repo\school\programmers\weng.chan\2013-03-11 - GD2P02 - Physics Project - Kit Chan\Source - Kit Chan\Game\SampleFramework\renderer\compiler\vc10win32public\Win32\SampleRenderer-MT\debug\RendererColor.obj
F:\repo\school\programmers\weng.chan\2013-03-11 - GD2P02 - Physics Project - Kit Chan\Source - Kit Chan\Game\SampleFramework\renderer\compiler\vc10win32public\Win32\SampleRenderer-MT\debug\RendererDesc.obj
F:\repo\school\programmers\weng.chan\2013-03-11 - GD2P02 - Physics Project - Kit Chan\Source - Kit Chan\Game\SampleFramework\renderer\compiler\vc10win32public\Win32\SampleRenderer-MT\debug\RendererDirectionalLight.obj
F:\repo\school\programmers\weng.chan\2013-03-11 - GD2P02 - Physics Project - Kit Chan\Source - Kit Chan\Game\SampleFramework\renderer\compiler\vc10win32public\Win32\SampleRenderer-MT\debug\RendererDirectionalLightDesc.obj
F:\repo\school\programmers\weng.chan\2013-03-11 - GD2P02 - Physics Project - Kit Chan\Source - Kit Chan\Game\SampleFramework\renderer\compiler\vc10win32public\Win32\SampleRenderer-MT\debug\RendererGridShape.obj
F:\repo\school\programmers\weng.chan\2013-03-11 - GD2P02 - Physics Project - Kit Chan\Source - Kit Chan\Game\SampleFramework\renderer\compiler\vc10win32public\Win32\SampleRenderer-MT\debug\RendererIndexBuffer.obj
F:\repo\school\programmers\weng.chan\2013-03-11 - GD2P02 - Physics Project - Kit Chan\Source - Kit Chan\Game\SampleFramework\renderer\compiler\vc10win32public\Win32\SampleRenderer-MT\debug\RendererIndexBufferDesc.obj
F:\repo\school\programmers\weng.chan\2013-03-11 - GD2P02 - Physics Project - Kit Chan\Source - Kit Chan\Game\SampleFramework\renderer\compiler\vc10win32public\Win32\SampleRenderer-MT\debug\RendererInstanceBuffer.obj
F:\repo\school\programmers\weng.chan\2013-03-11 - GD2P02 - Physics Project - Kit Chan\Source - Kit Chan\Game\SampleFramework\renderer\compiler\vc10win32public\Win32\SampleRenderer-MT\debug\RendererInstanceBufferDesc.obj
F:\repo\school\programmers\weng.chan\2013-03-11 - GD2P02 - Physics Project - Kit Chan\Source - Kit Chan\Game\SampleFramework\renderer\compiler\vc10win32public\Win32\SampleRenderer-MT\debug\RendererLight.obj
F:\repo\school\programmers\weng.chan\2013-03-11 - GD2P02 - Physics Project - Kit Chan\Source - Kit Chan\Game\SampleFramework\renderer\compiler\vc10win32public\Win32\SampleRenderer-MT\debug\RendererLightDesc.obj
F:\repo\school\programmers\weng.chan\2013-03-11 - GD2P02 - Physics Project - Kit Chan\Source - Kit Chan\Game\SampleFramework\renderer\compiler\vc10win32public\Win32\SampleRenderer-MT\debug\RendererMaterial.obj
F:\repo\school\programmers\weng.chan\2013-03-11 - GD2P02 - Physics Project - Kit Chan\Source - Kit Chan\Game\SampleFramework\renderer\compiler\vc10win32public\Win32\SampleRenderer-MT\debug\RendererMaterialDesc.obj
F:\repo\school\programmers\weng.chan\2013-03-11 - GD2P02 - Physics Project - Kit Chan\Source - Kit Chan\Game\SampleFramework\renderer\compiler\vc10win32public\Win32\SampleRenderer-MT\debug\RendererMaterialInstance.obj
F:\repo\school\programmers\weng.chan\2013-03-11 - GD2P02 - Physics Project - Kit Chan\Source - Kit Chan\Game\SampleFramework\renderer\compiler\vc10win32public\Win32\SampleRenderer-MT\debug\RendererMesh.obj
F:\repo\school\programmers\weng.chan\2013-03-11 - GD2P02 - Physics Project - Kit Chan\Source - Kit Chan\Game\SampleFramework\renderer\compiler\vc10win32public\Win32\SampleRenderer-MT\debug\RendererMeshContext.obj
F:\repo\school\programmers\weng.chan\2013-03-11 - GD2P02 - Physics Project - Kit Chan\Source - Kit Chan\Game\SampleFramework\renderer\compiler\vc10win32public\Win32\SampleRenderer-MT\debug\RendererMeshDesc.obj
F:\repo\school\programmers\weng.chan\2013-03-11 - GD2P02 - Physics Project - Kit Chan\Source - Kit Chan\Game\SampleFramework\renderer\compiler\vc10win32public\Win32\SampleRenderer-MT\debug\RendererMeshShape.obj
F:\repo\school\programmers\weng.chan\2013-03-11 - GD2P02 - Physics Project - Kit Chan\Source - Kit Chan\Game\SampleFramework\renderer\compiler\vc10win32public\Win32\SampleRenderer-MT\debug\RendererParticleSystemShape.obj
F:\repo\school\programmers\weng.chan\2013-03-11 - GD2P02 - Physics Project - Kit Chan\Source - Kit Chan\Game\SampleFramework\renderer\compiler\vc10win32public\Win32\SampleRenderer-MT\debug\RendererProjection.obj
F:\repo\school\programmers\weng.chan\2013-03-11 - GD2P02 - Physics Project - Kit Chan\Source - Kit Chan\Game\SampleFramework\renderer\compiler\vc10win32public\Win32\SampleRenderer-MT\debug\RendererShape.obj
F:\repo\school\programmers\weng.chan\2013-03-11 - GD2P02 - Physics Project - Kit Chan\Source - Kit Chan\Game\SampleFramework\renderer\compiler\vc10win32public\Win32\SampleRenderer-MT\debug\RendererSpotLight.obj
F:\repo\school\programmers\weng.chan\2013-03-11 - GD2P02 - Physics Project - Kit Chan\Source - Kit Chan\Game\SampleFramework\renderer\compiler\vc10win32public\Win32\SampleRenderer-MT\debug\RendererSpotLightDesc.obj
F:\repo\school\programmers\weng.chan\2013-03-11 - GD2P02 - Physics Project - Kit Chan\Source - Kit Chan\Game\SampleFramework\renderer\compiler\vc10win32public\Win32\SampleRenderer-MT\debug\RendererTarget.obj
F:\repo\school\programmers\weng.chan\2013-03-11 - GD2P02 - Physics Project - Kit Chan\Source - Kit Chan\Game\SampleFramework\renderer\compiler\vc10win32public\Win32\SampleRenderer-MT\debug\RendererTargetDesc.obj
F:\repo\school\programmers\weng.chan\2013-03-11 - GD2P02 - Physics Project - Kit Chan\Source - Kit Chan\Game\SampleFramework\renderer\compiler\vc10win32public\Win32\SampleRenderer-MT\debug\RendererTerrainShape.obj
F:\repo\school\programmers\weng.chan\2013-03-11 - GD2P02 - Physics Project - Kit Chan\Source - Kit Chan\Game\SampleFramework\renderer\compiler\vc10win32public\Win32\SampleRenderer-MT\debug\RendererTexture2D.obj
F:\repo\school\programmers\weng.chan\2013-03-11 - GD2P02 - Physics Project - Kit Chan\Source - Kit Chan\Game\SampleFramework\renderer\compiler\vc10win32public\Win32\SampleRenderer-MT\debug\RendererTexture2DDesc.obj
F:\repo\school\programmers\weng.chan\2013-03-11 - GD2P02 - Physics Project - Kit Chan\Source - Kit Chan\Game\SampleFramework\renderer\compiler\vc10win32public\Win32\SampleRenderer-MT\debug\RendererVertexBuffer.obj
F:\repo\school\programmers\weng.chan\2013-03-11 - GD2P02 - Physics Project - Kit Chan\Source - Kit Chan\Game\SampleFramework\renderer\compiler\vc10win32public\Win32\SampleRenderer-MT\debug\RendererVertexBufferDesc.obj
F:\repo\school\programmers\weng.chan\2013-03-11 - GD2P02 - Physics Project - Kit Chan\Source - Kit Chan\Game\SampleFramework\renderer\compiler\vc10win32public\Win32\SampleRenderer-MT\debug\RendererWindow.obj
F:\REPO\SCHOOL\PROGRAMMERS\WENG.CHAN\2013-03-11 - GD2P02 - PHYSICS PROJECT - KIT CHAN\SOURCE - KIT CHAN\GAME\SAMPLEFRAMEWORK\RENDERER\COMPILER\VC10WIN32PUBLIC\WIN32\SAMPLERENDERER-MT\DEBUG\VC100.PDB
F:\REPO\SCHOOL\PROGRAMMERS\WENG.CHAN\2013-03-11 - GD2P02 - PHYSICS PROJECT - KIT CHAN\SOURCE - KIT CHAN\GAME\SAMPLEFRAMEWORK\RENDERER\LIB\WIN32\SAMPLERENDERER-MTDEBUG.LIB
