F:\repo\school\programmers\weng.chan\2013-03-11 - GD2P02 - Physics Project - Kit Chan\Source - Kit Chan\Game\SampleFramework\framework\compiler\vc10win32public\./../../lib/win32\SampleFramework-MT.lib
F:\repo\school\programmers\weng.chan\2013-03-11 - GD2P02 - Physics Project - Kit Chan\Source - Kit Chan\Game\SampleFramework\framework\compiler\vc10win32public\Win32\SampleFramework-MT\release\AgPerfMonEventSrcAPI.obj
F:\repo\school\programmers\weng.chan\2013-03-11 - GD2P02 - Physics Project - Kit Chan\Source - Kit Chan\Game\SampleFramework\framework\compiler\vc10win32public\Win32\SampleFramework-MT\release\CL.2816.read.1.tlog
F:\repo\school\programmers\weng.chan\2013-03-11 - GD2P02 - Physics Project - Kit Chan\Source - Kit Chan\Game\SampleFramework\framework\compiler\vc10win32public\Win32\SampleFramework-MT\release\CL.2816.write.1.tlog
F:\repo\school\programmers\weng.chan\2013-03-11 - GD2P02 - Physics Project - Kit Chan\Source - Kit Chan\Game\SampleFramework\framework\compiler\vc10win32public\Win32\SampleFramework-MT\release\CL.5480.read.1.tlog
F:\repo\school\programmers\weng.chan\2013-03-11 - GD2P02 - Physics Project - Kit Chan\Source - Kit Chan\Game\SampleFramework\framework\compiler\vc10win32public\Win32\SampleFramework-MT\release\CL.5480.write.1.tlog
F:\repo\school\programmers\weng.chan\2013-03-11 - GD2P02 - Physics Project - Kit Chan\Source - Kit Chan\Game\SampleFramework\framework\compiler\vc10win32public\Win32\SampleFramework-MT\release\cl.command.1.tlog
F:\repo\school\programmers\weng.chan\2013-03-11 - GD2P02 - Physics Project - Kit Chan\Source - Kit Chan\Game\SampleFramework\framework\compiler\vc10win32public\Win32\SampleFramework-MT\release\CL.read.1.tlog
F:\repo\school\programmers\weng.chan\2013-03-11 - GD2P02 - Physics Project - Kit Chan\Source - Kit Chan\Game\SampleFramework\framework\compiler\vc10win32public\Win32\SampleFramework-MT\release\cl.write.1.tlog
F:\repo\school\programmers\weng.chan\2013-03-11 - GD2P02 - Physics Project - Kit Chan\Source - Kit Chan\Game\SampleFramework\framework\compiler\vc10win32public\Win32\SampleFramework-MT\release\lib.command.1.tlog
F:\repo\school\programmers\weng.chan\2013-03-11 - GD2P02 - Physics Project - Kit Chan\Source - Kit Chan\Game\SampleFramework\framework\compiler\vc10win32public\Win32\SampleFramework-MT\release\Lib-link.read.1.tlog
F:\repo\school\programmers\weng.chan\2013-03-11 - GD2P02 - Physics Project - Kit Chan\Source - Kit Chan\Game\SampleFramework\framework\compiler\vc10win32public\Win32\SampleFramework-MT\release\Lib-link.write.1.tlog
F:\repo\school\programmers\weng.chan\2013-03-11 - GD2P02 - Physics Project - Kit Chan\Source - Kit Chan\Game\SampleFramework\framework\compiler\vc10win32public\Win32\SampleFramework-MT\release\nv_dds.obj
F:\repo\school\programmers\weng.chan\2013-03-11 - GD2P02 - Physics Project - Kit Chan\Source - Kit Chan\Game\SampleFramework\framework\compiler\vc10win32public\Win32\SampleFramework-MT\release\ODBlock.obj
F:\repo\school\programmers\weng.chan\2013-03-11 - GD2P02 - Physics Project - Kit Chan\Source - Kit Chan\Game\SampleFramework\framework\compiler\vc10win32public\Win32\SampleFramework-MT\release\SampleApplication.obj
F:\repo\school\programmers\weng.chan\2013-03-11 - GD2P02 - Physics Project - Kit Chan\Source - Kit Chan\Game\SampleFramework\framework\compiler\vc10win32public\Win32\SampleFramework-MT\release\SampleAsset.obj
F:\repo\school\programmers\weng.chan\2013-03-11 - GD2P02 - Physics Project - Kit Chan\Source - Kit Chan\Game\SampleFramework\framework\compiler\vc10win32public\Win32\SampleFramework-MT\release\SampleAssetManager.obj
F:\repo\school\programmers\weng.chan\2013-03-11 - GD2P02 - Physics Project - Kit Chan\Source - Kit Chan\Game\SampleFramework\framework\compiler\vc10win32public\Win32\SampleFramework-MT\release\SampleCommandLine.obj
F:\repo\school\programmers\weng.chan\2013-03-11 - GD2P02 - Physics Project - Kit Chan\Source - Kit Chan\Game\SampleFramework\framework\compiler\vc10win32public\Win32\SampleFramework-MT\release\SampleDirManager.obj
F:\repo\school\programmers\weng.chan\2013-03-11 - GD2P02 - Physics Project - Kit Chan\Source - Kit Chan\Game\SampleFramework\framework\compiler\vc10win32public\Win32\SampleFramework-MT\release\SampleInputAsset.obj
F:\repo\school\programmers\weng.chan\2013-03-11 - GD2P02 - Physics Project - Kit Chan\Source - Kit Chan\Game\SampleFramework\framework\compiler\vc10win32public\Win32\SampleFramework-MT\release\SampleLineDebugRender.obj
F:\repo\school\programmers\weng.chan\2013-03-11 - GD2P02 - Physics Project - Kit Chan\Source - Kit Chan\Game\SampleFramework\framework\compiler\vc10win32public\Win32\SampleFramework-MT\release\SampleMaterialAsset.obj
F:\repo\school\programmers\weng.chan\2013-03-11 - GD2P02 - Physics Project - Kit Chan\Source - Kit Chan\Game\SampleFramework\framework\compiler\vc10win32public\Win32\SampleFramework-MT\release\SamplePointDebugRender.obj
F:\repo\school\programmers\weng.chan\2013-03-11 - GD2P02 - Physics Project - Kit Chan\Source - Kit Chan\Game\SampleFramework\framework\compiler\vc10win32public\Win32\SampleFramework-MT\release\SamplePxProfileZone.obj
F:\repo\school\programmers\weng.chan\2013-03-11 - GD2P02 - Physics Project - Kit Chan\Source - Kit Chan\Game\SampleFramework\framework\compiler\vc10win32public\Win32\SampleFramework-MT\release\SampleTextureAsset.obj
F:\repo\school\programmers\weng.chan\2013-03-11 - GD2P02 - Physics Project - Kit Chan\Source - Kit Chan\Game\SampleFramework\framework\compiler\vc10win32public\Win32\SampleFramework-MT\release\SampleTree.obj
F:\repo\school\programmers\weng.chan\2013-03-11 - GD2P02 - Physics Project - Kit Chan\Source - Kit Chan\Game\SampleFramework\framework\compiler\vc10win32public\Win32\SampleFramework-MT\release\SampleTriangleDebugRender.obj
F:\repo\school\programmers\weng.chan\2013-03-11 - GD2P02 - Physics Project - Kit Chan\Source - Kit Chan\Game\SampleFramework\framework\compiler\vc10win32public\Win32\SampleFramework-MT\release\targa.obj
F:\REPO\SCHOOL\PROGRAMMERS\WENG.CHAN\2013-03-11 - GD2P02 - PHYSICS PROJECT - KIT CHAN\SOURCE - KIT CHAN\GAME\SAMPLEFRAMEWORK\FRAMEWORK\COMPILER\VC10WIN32PUBLIC\WIN32\SAMPLEFRAMEWORK-MT\RELEASE\VC100.PDB
F:\repo\school\programmers\weng.chan\2013-03-11 - GD2P02 - Physics Project - Kit Chan\Source - Kit Chan\Game\SampleFramework\framework\compiler\vc10win32public\Win32\SampleFramework-MT\release\WindowsSampleAssetManager.obj
F:\REPO\SCHOOL\PROGRAMMERS\WENG.CHAN\2013-03-11 - GD2P02 - PHYSICS PROJECT - KIT CHAN\SOURCE - KIT CHAN\GAME\SAMPLEFRAMEWORK\FRAMEWORK\LIB\WIN32\SAMPLEFRAMEWORK-MT.LIB
