F:\repo\school\programmers\weng.chan\2013-03-11 - GD2P02 - Physics Project - Kit Chan\Source - Kit Chan\Game\compiler\vc10win32public\./../../lib/win32\SampleBase.lib
F:\repo\school\programmers\weng.chan\2013-03-11 - GD2P02 - Physics Project - Kit Chan\Source - Kit Chan\Game\compiler\vc10win32public\Win32\SampleBase\release\AcclaimLoader.obj
F:\repo\school\programmers\weng.chan\2013-03-11 - GD2P02 - Physics Project - Kit Chan\Source - Kit Chan\Game\compiler\vc10win32public\Win32\SampleBase\release\CL.1516.read.1.tlog
F:\repo\school\programmers\weng.chan\2013-03-11 - GD2P02 - Physics Project - Kit Chan\Source - Kit Chan\Game\compiler\vc10win32public\Win32\SampleBase\release\CL.1516.write.1.tlog
F:\repo\school\programmers\weng.chan\2013-03-11 - GD2P02 - Physics Project - Kit Chan\Source - Kit Chan\Game\compiler\vc10win32public\Win32\SampleBase\release\CL.4608.read.1.tlog
F:\repo\school\programmers\weng.chan\2013-03-11 - GD2P02 - Physics Project - Kit Chan\Source - Kit Chan\Game\compiler\vc10win32public\Win32\SampleBase\release\CL.4608.write.1.tlog
F:\repo\school\programmers\weng.chan\2013-03-11 - GD2P02 - Physics Project - Kit Chan\Source - Kit Chan\Game\compiler\vc10win32public\Win32\SampleBase\release\cl.command.1.tlog
F:\repo\school\programmers\weng.chan\2013-03-11 - GD2P02 - Physics Project - Kit Chan\Source - Kit Chan\Game\compiler\vc10win32public\Win32\SampleBase\release\CL.read.1.tlog
F:\repo\school\programmers\weng.chan\2013-03-11 - GD2P02 - Physics Project - Kit Chan\Source - Kit Chan\Game\compiler\vc10win32public\Win32\SampleBase\release\cl.write.1.tlog
F:\repo\school\programmers\weng.chan\2013-03-11 - GD2P02 - Physics Project - Kit Chan\Source - Kit Chan\Game\compiler\vc10win32public\Win32\SampleBase\release\lib.command.1.tlog
F:\repo\school\programmers\weng.chan\2013-03-11 - GD2P02 - Physics Project - Kit Chan\Source - Kit Chan\Game\compiler\vc10win32public\Win32\SampleBase\release\Lib-link.read.1.tlog
F:\repo\school\programmers\weng.chan\2013-03-11 - GD2P02 - Physics Project - Kit Chan\Source - Kit Chan\Game\compiler\vc10win32public\Win32\SampleBase\release\Lib-link.write.1.tlog
F:\repo\school\programmers\weng.chan\2013-03-11 - GD2P02 - Physics Project - Kit Chan\Source - Kit Chan\Game\compiler\vc10win32public\Win32\SampleBase\release\ParticleEmitter.obj
F:\repo\school\programmers\weng.chan\2013-03-11 - GD2P02 - Physics Project - Kit Chan\Source - Kit Chan\Game\compiler\vc10win32public\Win32\SampleBase\release\ParticleEmitterPressure.obj
F:\repo\school\programmers\weng.chan\2013-03-11 - GD2P02 - Physics Project - Kit Chan\Source - Kit Chan\Game\compiler\vc10win32public\Win32\SampleBase\release\ParticleEmitterRate.obj
F:\repo\school\programmers\weng.chan\2013-03-11 - GD2P02 - Physics Project - Kit Chan\Source - Kit Chan\Game\compiler\vc10win32public\Win32\SampleBase\release\ParticleFactory.obj
F:\repo\school\programmers\weng.chan\2013-03-11 - GD2P02 - Physics Project - Kit Chan\Source - Kit Chan\Game\compiler\vc10win32public\Win32\SampleBase\release\ParticleSystem.obj
F:\repo\school\programmers\weng.chan\2013-03-11 - GD2P02 - Physics Project - Kit Chan\Source - Kit Chan\Game\compiler\vc10win32public\Win32\SampleBase\release\PhysXSample.obj
F:\repo\school\programmers\weng.chan\2013-03-11 - GD2P02 - Physics Project - Kit Chan\Source - Kit Chan\Game\compiler\vc10win32public\Win32\SampleBase\release\PhysXSampleApplication.obj
F:\repo\school\programmers\weng.chan\2013-03-11 - GD2P02 - Physics Project - Kit Chan\Source - Kit Chan\Game\compiler\vc10win32public\Win32\SampleBase\release\Picking.obj
F:\repo\school\programmers\weng.chan\2013-03-11 - GD2P02 - Physics Project - Kit Chan\Source - Kit Chan\Game\compiler\vc10win32public\Win32\SampleBase\release\RawLoader.obj
F:\repo\school\programmers\weng.chan\2013-03-11 - GD2P02 - Physics Project - Kit Chan\Source - Kit Chan\Game\compiler\vc10win32public\Win32\SampleBase\release\RaycastCCD.obj
F:\repo\school\programmers\weng.chan\2013-03-11 - GD2P02 - Physics Project - Kit Chan\Source - Kit Chan\Game\compiler\vc10win32public\Win32\SampleBase\release\RenderBaseActor.obj
F:\repo\school\programmers\weng.chan\2013-03-11 - GD2P02 - Physics Project - Kit Chan\Source - Kit Chan\Game\compiler\vc10win32public\Win32\SampleBase\release\RenderBaseObject.obj
F:\repo\school\programmers\weng.chan\2013-03-11 - GD2P02 - Physics Project - Kit Chan\Source - Kit Chan\Game\compiler\vc10win32public\Win32\SampleBase\release\RenderBoxActor.obj
F:\repo\school\programmers\weng.chan\2013-03-11 - GD2P02 - Physics Project - Kit Chan\Source - Kit Chan\Game\compiler\vc10win32public\Win32\SampleBase\release\RenderCapsuleActor.obj
F:\repo\school\programmers\weng.chan\2013-03-11 - GD2P02 - Physics Project - Kit Chan\Source - Kit Chan\Game\compiler\vc10win32public\Win32\SampleBase\release\RenderClothActor.obj
F:\repo\school\programmers\weng.chan\2013-03-11 - GD2P02 - Physics Project - Kit Chan\Source - Kit Chan\Game\compiler\vc10win32public\Win32\SampleBase\release\RenderGridActor.obj
F:\repo\school\programmers\weng.chan\2013-03-11 - GD2P02 - Physics Project - Kit Chan\Source - Kit Chan\Game\compiler\vc10win32public\Win32\SampleBase\release\RenderMaterial.obj
F:\repo\school\programmers\weng.chan\2013-03-11 - GD2P02 - Physics Project - Kit Chan\Source - Kit Chan\Game\compiler\vc10win32public\Win32\SampleBase\release\RenderMeshActor.obj
F:\repo\school\programmers\weng.chan\2013-03-11 - GD2P02 - Physics Project - Kit Chan\Source - Kit Chan\Game\compiler\vc10win32public\Win32\SampleBase\release\RenderParticleSystemActor.obj
F:\repo\school\programmers\weng.chan\2013-03-11 - GD2P02 - Physics Project - Kit Chan\Source - Kit Chan\Game\compiler\vc10win32public\Win32\SampleBase\release\RenderPhysX3Debug.obj
F:\repo\school\programmers\weng.chan\2013-03-11 - GD2P02 - Physics Project - Kit Chan\Source - Kit Chan\Game\compiler\vc10win32public\Win32\SampleBase\release\RenderSphereActor.obj
F:\repo\school\programmers\weng.chan\2013-03-11 - GD2P02 - Physics Project - Kit Chan\Source - Kit Chan\Game\compiler\vc10win32public\Win32\SampleBase\release\RenderTexture.obj
F:\repo\school\programmers\weng.chan\2013-03-11 - GD2P02 - Physics Project - Kit Chan\Source - Kit Chan\Game\compiler\vc10win32public\Win32\SampleBase\release\SampleAllocator.obj
F:\repo\school\programmers\weng.chan\2013-03-11 - GD2P02 - Physics Project - Kit Chan\Source - Kit Chan\Game\compiler\vc10win32public\Win32\SampleBase\release\SampleBase.write.1.tlog
F:\repo\school\programmers\weng.chan\2013-03-11 - GD2P02 - Physics Project - Kit Chan\Source - Kit Chan\Game\compiler\vc10win32public\Win32\SampleBase\release\SampleCamera.obj
F:\repo\school\programmers\weng.chan\2013-03-11 - GD2P02 - Physics Project - Kit Chan\Source - Kit Chan\Game\compiler\vc10win32public\Win32\SampleBase\release\SampleCameraController.obj
F:\repo\school\programmers\weng.chan\2013-03-11 - GD2P02 - Physics Project - Kit Chan\Source - Kit Chan\Game\compiler\vc10win32public\Win32\SampleBase\release\SampleCharacterHelpers.obj
F:\repo\school\programmers\weng.chan\2013-03-11 - GD2P02 - Physics Project - Kit Chan\Source - Kit Chan\Game\compiler\vc10win32public\Win32\SampleBase\release\SampleConsole.obj
F:\repo\school\programmers\weng.chan\2013-03-11 - GD2P02 - Physics Project - Kit Chan\Source - Kit Chan\Game\compiler\vc10win32public\Win32\SampleBase\release\SampleInputMappingAsset.obj
F:\repo\school\programmers\weng.chan\2013-03-11 - GD2P02 - Physics Project - Kit Chan\Source - Kit Chan\Game\compiler\vc10win32public\Win32\SampleBase\release\SampleMain.obj
F:\repo\school\programmers\weng.chan\2013-03-11 - GD2P02 - Physics Project - Kit Chan\Source - Kit Chan\Game\compiler\vc10win32public\Win32\SampleBase\release\SampleMouseFilter.obj
F:\repo\school\programmers\weng.chan\2013-03-11 - GD2P02 - Physics Project - Kit Chan\Source - Kit Chan\Game\compiler\vc10win32public\Win32\SampleBase\release\SampleRandomPrecomputed.obj
F:\repo\school\programmers\weng.chan\2013-03-11 - GD2P02 - Physics Project - Kit Chan\Source - Kit Chan\Game\compiler\vc10win32public\Win32\SampleBase\release\SampleStepper.obj
F:\repo\school\programmers\weng.chan\2013-03-11 - GD2P02 - Physics Project - Kit Chan\Source - Kit Chan\Game\compiler\vc10win32public\Win32\SampleBase\release\TestClothHelpers.obj
F:\repo\school\programmers\weng.chan\2013-03-11 - GD2P02 - Physics Project - Kit Chan\Source - Kit Chan\Game\compiler\vc10win32public\Win32\SampleBase\release\TestGeometryHelpers.obj
F:\repo\school\programmers\weng.chan\2013-03-11 - GD2P02 - Physics Project - Kit Chan\Source - Kit Chan\Game\compiler\vc10win32public\Win32\SampleBase\release\TestGroup.obj
F:\repo\school\programmers\weng.chan\2013-03-11 - GD2P02 - Physics Project - Kit Chan\Source - Kit Chan\Game\compiler\vc10win32public\Win32\SampleBase\release\TestMotionGenerator.obj
F:\REPO\SCHOOL\PROGRAMMERS\WENG.CHAN\2013-03-11 - GD2P02 - PHYSICS PROJECT - KIT CHAN\SOURCE - KIT CHAN\GAME\COMPILER\VC10WIN32PUBLIC\WIN32\SAMPLEBASE\RELEASE\VC100.PDB
F:\repo\school\programmers\weng.chan\2013-03-11 - GD2P02 - Physics Project - Kit Chan\Source - Kit Chan\Game\compiler\vc10win32public\Win32\SampleBase\release\wavefront.obj
F:\REPO\SCHOOL\PROGRAMMERS\WENG.CHAN\2013-03-11 - GD2P02 - PHYSICS PROJECT - KIT CHAN\SOURCE - KIT CHAN\GAME\LIB\WIN32\SAMPLEBASE.LIB
